<?xml version="1.0" encoding="UTF-8"?>
<!-- Generated by org.testng.reporters.JUnitReportReporter -->
<testsuite skipped="0" hostname="PC4121" name="com.test.pkg.Firstclass" tests="1" failures="0" timestamp="2021-09-11T19:49:34 IST" time="4.337" errors="0">
  <testcase name="testcase1" time="4.337" classname="com.test.pkg.Firstclass"/>
  <system-out/>
</testsuite> <!-- com.test.pkg.Firstclass -->
