<?xml version="1.0" encoding="UTF-8"?>
<!-- Generated by org.testng.reporters.JUnitReportReporter -->
<testsuite skipped="0" hostname="PC4121" name="com.test.pkg.SecondClass" tests="1" failures="0" timestamp="2021-09-15T15:00:48 IST" time="0.018" errors="0">
  <testcase name="sum" time="0.018" classname="com.test.pkg.SecondClass"/>
  <system-out/>
</testsuite> <!-- com.test.pkg.SecondClass -->
